[debug] [2021-06-27T15:26:58.974Z] ----------------------------------------------------------------------
[debug] [2021-06-27T15:26:58.977Z] Command:       C:\Program Files\nodejs\node.exe C:\Users\user\AppData\Roaming\npm\node_modules\firebase-tools\lib\bin\firebase.js init
[debug] [2021-06-27T15:26:58.977Z] CLI Version:   9.14.0
[debug] [2021-06-27T15:26:58.977Z] Platform:      win32
[debug] [2021-06-27T15:26:58.977Z] Node Version:  v12.18.3
[debug] [2021-06-27T15:26:58.979Z] Time:          Sun Jun 27 2021 20:56:58 GMT+0530 (India Standard Time)
[debug] [2021-06-27T15:26:58.979Z] ----------------------------------------------------------------------
[debug] 
[debug] [2021-06-27T15:26:58.987Z] > command requires scopes: ["email","openid","https://www.googleapis.com/auth/cloudplatformprojects.readonly","https://www.googleapis.com/auth/firebase","https://www.googleapis.com/auth/cloud-platform"]
[debug] [2021-06-27T15:26:58.987Z] > authorizing via signed-in user (jayasri.dey9@gmail.com)
[info] 
     ######## #### ########  ######## ########     ###     ######  ########
     ##        ##  ##     ## ##       ##     ##  ##   ##  ##       ##
     ######    ##  ########  ######   ########  #########  ######  ######
     ##        ##  ##    ##  ##       ##     ## ##     ##       ## ##
     ##       #### ##     ## ######## ########  ##     ##  ######  ########

You're about to initialize a Firebase project in this directory:

  C:\Users\user\Desktop\website for didi

Before we get started, keep in mind:

  * You are initializing within an existing Firebase project directory

